#! /usr/bin/vvp
:ivl_version "12.0 (stable)";
:ivl_delay_selection "TYPICAL";
:vpi_time_precision + 0;
:vpi_module "/usr/lib64/ivl/system.vpi";
:vpi_module "/usr/lib64/ivl/vhdl_sys.vpi";
:vpi_module "/usr/lib64/ivl/vhdl_textio.vpi";
:vpi_module "/usr/lib64/ivl/v2005_math.vpi";
:vpi_module "/usr/lib64/ivl/va_math.vpi";
:vpi_module "/usr/lib64/ivl/v2009.vpi";
S_0x564372377500 .scope package, "$unit" "$unit" 2 1;
 .timescale 0 0;
S_0x564372377690 .scope module, "tb_vending" "tb_vending" 3 1;
 .timescale 0 0;
v0x5643723e51b0_0 .net "change", 0 0, v0x5643723b9650_0;  1 drivers
v0x5643723e5270_0 .var "clk", 0 0;
v0x5643723e5310_0 .var "coin_10", 0 0;
v0x5643723e53b0_0 .var "coin_5", 0 0;
v0x5643723e5450_0 .net "dispense", 0 0, v0x5643723e4e90_0;  1 drivers
v0x5643723e5540_0 .var "reset", 0 0;
S_0x5643723b93d0 .scope module, "uut" "vending_machine" 3 7, 4 1 0, S_0x564372377690;
 .timescale 0 0;
    .port_info 0 /INPUT 1 "clk";
    .port_info 1 /INPUT 1 "reset";
    .port_info 2 /INPUT 1 "coin_5";
    .port_info 3 /INPUT 1 "coin_10";
    .port_info 4 /OUTPUT 1 "dispense";
    .port_info 5 /OUTPUT 1 "change";
enum0x56437239c4a0 .enum4 (3)
   "S0" 3'b000,
   "S5" 3'b001,
   "S10" 3'b010,
   "S15" 3'b011,
   "S20" 3'b100
 ;
v0x5643723b9650_0 .var "change", 0 0;
v0x5643723e4b40_0 .net "clk", 0 0, v0x5643723e5270_0;  1 drivers
v0x5643723e4c00_0 .net "coin_10", 0 0, v0x5643723e5310_0;  1 drivers
v0x5643723e4ca0_0 .net "coin_5", 0 0, v0x5643723e53b0_0;  1 drivers
v0x5643723e4d60_0 .var "current_state", 2 0;
v0x5643723e4e90_0 .var "dispense", 0 0;
v0x5643723e4f50_0 .var "next_state", 2 0;
v0x5643723e5030_0 .net "reset", 0 0, v0x5643723e5540_0;  1 drivers
E_0x5643723b9ea0 .event anyedge, v0x5643723e4d60_0;
E_0x5643723b9d40 .event anyedge, v0x5643723e4d60_0, v0x5643723e4ca0_0, v0x5643723e4c00_0;
E_0x5643723ba090 .event posedge, v0x5643723e5030_0, v0x5643723e4b40_0;
    .scope S_0x5643723b93d0;
T_0 ;
    %wait E_0x5643723ba090;
    %load/vec4 v0x5643723e5030_0;
    %flag_set/vec4 8;
    %jmp/0xz  T_0.0, 8;
    %pushi/vec4 0, 0, 3;
    %assign/vec4 v0x5643723e4d60_0, 0;
    %vpi_call/w 4 20 "$display", "[%0t] RESET -> State = S0", $time {0 0 0};
    %jmp T_0.1;
T_0.0 ;
    %load/vec4 v0x5643723e4f50_0;
    %assign/vec4 v0x5643723e4d60_0, 0;
    %vpi_func/s 4 23 "$ivl_enum_method$name", enum0x56437239c4a0, v0x5643723e4d60_0 {0 0 0};
    %vpi_call/w 4 23 "$display", "[%0t] STATE CHANGE -> %s", $time, S<0,str> {0 0 1};
T_0.1 ;
    %jmp T_0;
    .thread T_0;
    .scope S_0x5643723b93d0;
T_1 ;
Ewait_0 .event/or E_0x5643723b9d40, E_0x0;
    %wait Ewait_0;
    %load/vec4 v0x5643723e4d60_0;
    %store/vec4 v0x5643723e4f50_0, 0, 3;
    %load/vec4 v0x5643723e4d60_0;
    %dup/vec4;
    %pushi/vec4 0, 0, 3;
    %cmp/u;
    %jmp/1 T_1.0, 6;
    %dup/vec4;
    %pushi/vec4 1, 0, 3;
    %cmp/u;
    %jmp/1 T_1.1, 6;
    %dup/vec4;
    %pushi/vec4 2, 0, 3;
    %cmp/u;
    %jmp/1 T_1.2, 6;
    %dup/vec4;
    %pushi/vec4 3, 0, 3;
    %cmp/u;
    %jmp/1 T_1.3, 6;
    %dup/vec4;
    %pushi/vec4 4, 0, 3;
    %cmp/u;
    %jmp/1 T_1.4, 6;
    %jmp T_1.5;
T_1.0 ;
    %load/vec4 v0x5643723e4ca0_0;
    %flag_set/vec4 8;
    %jmp/0xz  T_1.6, 8;
    %pushi/vec4 1, 0, 3;
    %store/vec4 v0x5643723e4f50_0, 0, 3;
    %vpi_call/w 4 36 "$display", "[%0t] Coin Inserted: 5", $time {0 0 0};
    %jmp T_1.7;
T_1.6 ;
    %load/vec4 v0x5643723e4c00_0;
    %flag_set/vec4 8;
    %jmp/0xz  T_1.8, 8;
    %pushi/vec4 2, 0, 3;
    %store/vec4 v0x5643723e4f50_0, 0, 3;
    %vpi_call/w 4 40 "$display", "[%0t] Coin Inserted: 10", $time {0 0 0};
T_1.8 ;
T_1.7 ;
    %jmp T_1.5;
T_1.1 ;
    %load/vec4 v0x5643723e4ca0_0;
    %flag_set/vec4 8;
    %jmp/0xz  T_1.10, 8;
    %pushi/vec4 2, 0, 3;
    %store/vec4 v0x5643723e4f50_0, 0, 3;
    %vpi_call/w 4 47 "$display", "[%0t] Coin Inserted: 5", $time {0 0 0};
    %jmp T_1.11;
T_1.10 ;
    %load/vec4 v0x5643723e4c00_0;
    %flag_set/vec4 8;
    %jmp/0xz  T_1.12, 8;
    %pushi/vec4 3, 0, 3;
    %store/vec4 v0x5643723e4f50_0, 0, 3;
    %vpi_call/w 4 51 "$display", "[%0t] Coin Inserted: 10", $time {0 0 0};
T_1.12 ;
T_1.11 ;
    %jmp T_1.5;
T_1.2 ;
    %load/vec4 v0x5643723e4ca0_0;
    %flag_set/vec4 8;
    %jmp/0xz  T_1.14, 8;
    %pushi/vec4 3, 0, 3;
    %store/vec4 v0x5643723e4f50_0, 0, 3;
    %vpi_call/w 4 58 "$display", "[%0t] Coin Inserted: 5", $time {0 0 0};
    %jmp T_1.15;
T_1.14 ;
    %load/vec4 v0x5643723e4c00_0;
    %flag_set/vec4 8;
    %jmp/0xz  T_1.16, 8;
    %pushi/vec4 4, 0, 3;
    %store/vec4 v0x5643723e4f50_0, 0, 3;
    %vpi_call/w 4 62 "$display", "[%0t] Coin Inserted: 10", $time {0 0 0};
T_1.16 ;
T_1.15 ;
    %jmp T_1.5;
T_1.3 ;
    %pushi/vec4 0, 0, 3;
    %store/vec4 v0x5643723e4f50_0, 0, 3;
    %jmp T_1.5;
T_1.4 ;
    %pushi/vec4 0, 0, 3;
    %store/vec4 v0x5643723e4f50_0, 0, 3;
    %jmp T_1.5;
T_1.5 ;
    %pop/vec4 1;
    %jmp T_1;
    .thread T_1, $push;
    .scope S_0x5643723b93d0;
T_2 ;
Ewait_1 .event/or E_0x5643723b9ea0, E_0x0;
    %wait Ewait_1;
    %pushi/vec4 0, 0, 1;
    %store/vec4 v0x5643723e4e90_0, 0, 1;
    %pushi/vec4 0, 0, 1;
    %store/vec4 v0x5643723b9650_0, 0, 1;
    %load/vec4 v0x5643723e4d60_0;
    %dup/vec4;
    %pushi/vec4 3, 0, 3;
    %cmp/u;
    %jmp/1 T_2.0, 6;
    %dup/vec4;
    %pushi/vec4 4, 0, 3;
    %cmp/u;
    %jmp/1 T_2.1, 6;
    %jmp T_2.2;
T_2.0 ;
    %pushi/vec4 1, 0, 1;
    %store/vec4 v0x5643723e4e90_0, 0, 1;
    %vpi_call/w 4 85 "$display", "[%0t] DISPENSE ITEM", $time {0 0 0};
    %jmp T_2.2;
T_2.1 ;
    %pushi/vec4 1, 0, 1;
    %store/vec4 v0x5643723e4e90_0, 0, 1;
    %pushi/vec4 1, 0, 1;
    %store/vec4 v0x5643723b9650_0, 0, 1;
    %vpi_call/w 4 91 "$display", "[%0t] DISPENSE ITEM + RETURN CHANGE", $time {0 0 0};
    %jmp T_2.2;
T_2.2 ;
    %pop/vec4 1;
    %jmp T_2;
    .thread T_2, $push;
    .scope S_0x564372377690;
T_3 ;
    %delay 5, 0;
    %load/vec4 v0x5643723e5270_0;
    %inv;
    %store/vec4 v0x5643723e5270_0, 0, 1;
    %jmp T_3;
    .thread T_3;
    .scope S_0x564372377690;
T_4 ;
    %vpi_call/w 3 20 "$dumpfile", "dump.vcd" {0 0 0};
    %vpi_call/w 3 21 "$dumpvars" {0 0 0};
    %pushi/vec4 0, 0, 1;
    %store/vec4 v0x5643723e5270_0, 0, 1;
    %pushi/vec4 1, 0, 1;
    %store/vec4 v0x5643723e5540_0, 0, 1;
    %pushi/vec4 0, 0, 1;
    %store/vec4 v0x5643723e53b0_0, 0, 1;
    %pushi/vec4 0, 0, 1;
    %store/vec4 v0x5643723e5310_0, 0, 1;
    %delay 10, 0;
    %pushi/vec4 0, 0, 1;
    %store/vec4 v0x5643723e5540_0, 0, 1;
    %delay 10, 0;
    %pushi/vec4 1, 0, 1;
    %store/vec4 v0x5643723e53b0_0, 0, 1;
    %delay 10, 0;
    %pushi/vec4 0, 0, 1;
    %store/vec4 v0x5643723e53b0_0, 0, 1;
    %delay 10, 0;
    %pushi/vec4 1, 0, 1;
    %store/vec4 v0x5643723e5310_0, 0, 1;
    %delay 10, 0;
    %pushi/vec4 0, 0, 1;
    %store/vec4 v0x5643723e5310_0, 0, 1;
    %delay 20, 0;
    %pushi/vec4 1, 0, 1;
    %store/vec4 v0x5643723e5310_0, 0, 1;
    %delay 10, 0;
    %pushi/vec4 0, 0, 1;
    %store/vec4 v0x5643723e5310_0, 0, 1;
    %delay 10, 0;
    %pushi/vec4 1, 0, 1;
    %store/vec4 v0x5643723e5310_0, 0, 1;
    %delay 10, 0;
    %pushi/vec4 0, 0, 1;
    %store/vec4 v0x5643723e5310_0, 0, 1;
    %delay 100, 0;
    %vpi_call/w 3 38 "$finish" {0 0 0};
    %end;
    .thread T_4;
# The file index is used to find the file name in the following table.
:file_names 5;
    "N/A";
    "<interactive>";
    "-";
    "tb/tb_vending.sv";
    "src/vending_machine.sv";
